<?xml version="1.0" encoding="UTF-8"?>
<!-- Generated by org.testng.reporters.JUnitReportReporter -->
<testsuite hostname="asda1777po02529" failures="0" tests="1" name="basictests.BasicTest" time="0.311" errors="0" timestamp="10 Jul 2019 11:46:36 GMT">
  <testcase classname="basictests.BasicTest" name="verifysum" time="0.311"/>
</testsuite> <!-- basictests.BasicTest -->
